[02-Mar-2018 03:29:16 UTC] PHP Warning:  array_push() expects parameter 1 to be array, null given in /home/ubuntu/workspace/CST-336-group-project/Lab3/object.php on line 102
[02-Mar-2018 03:29:16 UTC] PHP Stack trace:
[02-Mar-2018 03:29:16 UTC] PHP   1. {main}() /home/ubuntu/workspace/CST-336-group-project/Lab3/index.php:0
[02-Mar-2018 03:29:16 UTC] PHP   2. SilverjackHandler->checkWin() /home/ubuntu/workspace/CST-336-group-project/Lab3/index.php:50
[02-Mar-2018 03:29:16 UTC] PHP   3. array_push() /home/ubuntu/workspace/CST-336-group-project/Lab3/object.php:102
[02-Mar-2018 03:29:16 UTC] PHP Warning:  array_push() expects parameter 1 to be array, null given in /home/ubuntu/workspace/CST-336-group-project/Lab3/object.php on line 106
[02-Mar-2018 03:29:16 UTC] PHP Stack trace:
[02-Mar-2018 03:29:16 UTC] PHP   1. {main}() /home/ubuntu/workspace/CST-336-group-project/Lab3/index.php:0
[02-Mar-2018 03:29:16 UTC] PHP   2. SilverjackHandler->checkWin() /home/ubuntu/workspace/CST-336-group-project/Lab3/index.php:50
[02-Mar-2018 03:29:16 UTC] PHP   3. array_push() /home/ubuntu/workspace/CST-336-group-project/Lab3/object.php:106
[02-Mar-2018 03:29:16 UTC] PHP Warning:  array_push() expects parameter 1 to be array, null given in /home/ubuntu/workspace/CST-336-group-project/Lab3/object.php on line 102
[02-Mar-2018 03:29:16 UTC] PHP Stack trace:
[02-Mar-2018 03:29:16 UTC] PHP   1. {main}() /home/ubuntu/workspace/CST-336-group-project/Lab3/index.php:0
[02-Mar-2018 03:29:16 UTC] PHP   2. SilverjackHandler->checkWin() /home/ubuntu/workspace/CST-336-group-project/Lab3/index.php:50
[02-Mar-2018 03:29:16 UTC] PHP   3. array_push() /home/ubuntu/workspace/CST-336-group-project/Lab3/object.php:102
[02-Mar-2018 03:29:16 UTC] PHP Warning:  array_push() expects parameter 1 to be array, null given in /home/ubuntu/workspace/CST-336-group-project/Lab3/object.php on line 106
[02-Mar-2018 03:29:16 UTC] PHP Stack trace:
[02-Mar-2018 03:29:16 UTC] PHP   1. {main}() /home/ubuntu/workspace/CST-336-group-project/Lab3/index.php:0
[02-Mar-2018 03:29:16 UTC] PHP   2. SilverjackHandler->checkWin() /home/ubuntu/workspace/CST-336-group-project/Lab3/index.php:50
[02-Mar-2018 03:29:16 UTC] PHP   3. array_push() /home/ubuntu/workspace/CST-336-group-project/Lab3/object.php:106
[02-Mar-2018 03:29:16 UTC] PHP Warning:  max(): When only one parameter is given, it must be an array in /home/ubuntu/workspace/CST-336-group-project/Lab3/object.php on line 112
[02-Mar-2018 03:29:16 UTC] PHP Stack trace:
[02-Mar-2018 03:29:16 UTC] PHP   1. {main}() /home/ubuntu/workspace/CST-336-group-project/Lab3/index.php:0
[02-Mar-2018 03:29:16 UTC] PHP   2. SilverjackHandler->checkWin() /home/ubuntu/workspace/CST-336-group-project/Lab3/index.php:50
[02-Mar-2018 03:29:16 UTC] PHP   3. max() /home/ubuntu/workspace/CST-336-group-project/Lab3/object.php:112
[02-Mar-2018 03:30:11 UTC] PHP Warning:  array_push() expects parameter 1 to be array, null given in /home/ubuntu/workspace/CST-336-group-project/Lab3/object.php on line 102
[02-Mar-2018 03:30:11 UTC] PHP Stack trace:
[02-Mar-2018 03:30:11 UTC] PHP   1. {main}() /home/ubuntu/workspace/CST-336-group-project/Lab3/index.php:0
[02-Mar-2018 03:30:11 UTC] PHP   2. SilverjackHandler->checkWin() /home/ubuntu/workspace/CST-336-group-project/Lab3/index.php:50
[02-Mar-2018 03:30:11 UTC] PHP   3. array_push() /home/ubuntu/workspace/CST-336-group-project/Lab3/object.php:102
[02-Mar-2018 03:30:11 UTC] PHP Warning:  array_push() expects parameter 1 to be array, null given in /home/ubuntu/workspace/CST-336-group-project/Lab3/object.php on line 102
[02-Mar-2018 03:30:11 UTC] PHP Stack trace:
[02-Mar-2018 03:30:11 UTC] PHP   1. {main}() /home/ubuntu/workspace/CST-336-group-project/Lab3/index.php:0
[02-Mar-2018 03:30:11 UTC] PHP   2. SilverjackHandler->checkWin() /home/ubuntu/workspace/CST-336-group-project/Lab3/index.php:50
[02-Mar-2018 03:30:11 UTC] PHP   3. array_push() /home/ubuntu/workspace/CST-336-group-project/Lab3/object.php:102
[02-Mar-2018 03:30:11 UTC] PHP Warning:  array_push() expects parameter 1 to be array, null given in /home/ubuntu/workspace/CST-336-group-project/Lab3/object.php on line 106
[02-Mar-2018 03:30:11 UTC] PHP Stack trace:
[02-Mar-2018 03:30:11 UTC] PHP   1. {main}() /home/ubuntu/workspace/CST-336-group-project/Lab3/index.php:0
[02-Mar-2018 03:30:11 UTC] PHP   2. SilverjackHandler->checkWin() /home/ubuntu/workspace/CST-336-group-project/Lab3/index.php:50
[02-Mar-2018 03:30:11 UTC] PHP   3. array_push() /home/ubuntu/workspace/CST-336-group-project/Lab3/object.php:106
[02-Mar-2018 03:30:11 UTC] PHP Warning:  array_push() expects parameter 1 to be array, null given in /home/ubuntu/workspace/CST-336-group-project/Lab3/object.php on line 102
[02-Mar-2018 03:30:11 UTC] PHP Stack trace:
[02-Mar-2018 03:30:11 UTC] PHP   1. {main}() /home/ubuntu/workspace/CST-336-group-project/Lab3/index.php:0
[02-Mar-2018 03:30:11 UTC] PHP   2. SilverjackHandler->checkWin() /home/ubuntu/workspace/CST-336-group-project/Lab3/index.php:50
[02-Mar-2018 03:30:11 UTC] PHP   3. array_push() /home/ubuntu/workspace/CST-336-group-project/Lab3/object.php:102
[02-Mar-2018 03:30:11 UTC] PHP Warning:  max(): When only one parameter is given, it must be an array in /home/ubuntu/workspace/CST-336-group-project/Lab3/object.php on line 112
[02-Mar-2018 03:30:11 UTC] PHP Stack trace:
[02-Mar-2018 03:30:11 UTC] PHP   1. {main}() /home/ubuntu/workspace/CST-336-group-project/Lab3/index.php:0
[02-Mar-2018 03:30:11 UTC] PHP   2. SilverjackHandler->checkWin() /home/ubuntu/workspace/CST-336-group-project/Lab3/index.php:50
[02-Mar-2018 03:30:11 UTC] PHP   3. max() /home/ubuntu/workspace/CST-336-group-project/Lab3/object.php:112
